<?xml version="1.0" encoding="UTF-8"?>
<testsuite xmlns:xsi="http://www.w3.org/2001/XMLSchema-instance" xsi:noNamespaceSchemaLocation="https://maven.apache.org/surefire/maven-surefire-plugin/xsd/surefire-test-report-3.0.xsd" version="3.0" name="domain.EngineTest" time="0.121" tests="15" errors="0" skipped="0" failures="0">
  <properties>
    <property name="java.specification.version" value="19"/>
    <property name="sun.cpu.isalist" value="amd64"/>
    <property name="sun.jnu.encoding" value="Cp1252"/>
    <property name="java.class.path" value="D:\7\Test\CAs\CA3\code\target\test-classes;D:\7\Test\CAs\CA3\code\target\classes;C:\Users\ali18\.m2\repository\org\projectlombok\lombok\1.18.26\lombok-1.18.26.jar;C:\Users\ali18\.m2\repository\org\junit\jupiter\junit-jupiter-api\5.10.0\junit-jupiter-api-5.10.0.jar;C:\Users\ali18\.m2\repository\org\opentest4j\opentest4j\1.3.0\opentest4j-1.3.0.jar;C:\Users\ali18\.m2\repository\org\junit\platform\junit-platform-commons\1.10.0\junit-platform-commons-1.10.0.jar;C:\Users\ali18\.m2\repository\org\apiguardian\apiguardian-api\1.1.2\apiguardian-api-1.1.2.jar;"/>
    <property name="java.vm.vendor" value="Oracle Corporation"/>
    <property name="sun.arch.data.model" value="64"/>
    <property name="user.variant" value=""/>
    <property name="java.vendor.url" value="https://java.oracle.com/"/>
    <property name="user.timezone" value="Asia/Tehran"/>
    <property name="os.name" value="Windows 10"/>
    <property name="java.vm.specification.version" value="19"/>
    <property name="sun.java.launcher" value="SUN_STANDARD"/>
    <property name="user.country" value="US"/>
    <property name="sun.boot.library.path" value="C:\Program Files\Java\jdk-19\bin"/>
    <property name="sun.java.command" value="C:\Users\ali18\AppData\Local\Temp\surefire11004128379061762496\surefirebooter-20231216045255122_3.jar C:\Users\ali18\AppData\Local\Temp\surefire11004128379061762496 2023-12-16T04-52-54_993-jvmRun1 surefire-20231216045255122_1tmp surefire_0-20231216045255122_2tmp"/>
    <property name="jdk.debug" value="release"/>
    <property name="surefire.test.class.path" value="D:\7\Test\CAs\CA3\code\target\test-classes;D:\7\Test\CAs\CA3\code\target\classes;C:\Users\ali18\.m2\repository\org\projectlombok\lombok\1.18.26\lombok-1.18.26.jar;C:\Users\ali18\.m2\repository\org\junit\jupiter\junit-jupiter-api\5.10.0\junit-jupiter-api-5.10.0.jar;C:\Users\ali18\.m2\repository\org\opentest4j\opentest4j\1.3.0\opentest4j-1.3.0.jar;C:\Users\ali18\.m2\repository\org\junit\platform\junit-platform-commons\1.10.0\junit-platform-commons-1.10.0.jar;C:\Users\ali18\.m2\repository\org\apiguardian\apiguardian-api\1.1.2\apiguardian-api-1.1.2.jar;"/>
    <property name="sun.cpu.endian" value="little"/>
    <property name="user.home" value="C:\Users\ali18"/>
    <property name="user.language" value="en"/>
    <property name="java.specification.vendor" value="Oracle Corporation"/>
    <property name="java.version.date" value="2023-01-17"/>
    <property name="java.home" value="C:\Program Files\Java\jdk-19"/>
    <property name="file.separator" value="\"/>
    <property name="basedir" value="D:\7\Test\CAs\CA3\code"/>
    <property name="java.vm.compressedOopsMode" value="Zero based"/>
    <property name="line.separator" value="&#10;"/>
    <property name="java.vm.specification.vendor" value="Oracle Corporation"/>
    <property name="java.specification.name" value="Java Platform API Specification"/>
    <property name="surefire.real.class.path" value="C:\Users\ali18\AppData\Local\Temp\surefire11004128379061762496\surefirebooter-20231216045255122_3.jar"/>
    <property name="user.script" value=""/>
    <property name="sun.management.compiler" value="HotSpot 64-Bit Tiered Compilers"/>
    <property name="java.runtime.version" value="19.0.2+7-44"/>
    <property name="user.name" value="ali18"/>
    <property name="stdout.encoding" value="Cp1252"/>
    <property name="path.separator" value=";"/>
    <property name="os.version" value="10.0"/>
    <property name="java.runtime.name" value="Java(TM) SE Runtime Environment"/>
    <property name="file.encoding" value="UTF-8"/>
    <property name="java.vm.name" value="Java HotSpot(TM) 64-Bit Server VM"/>
    <property name="localRepository" value="C:\Users\ali18\.m2\repository"/>
    <property name="java.vendor.url.bug" value="https://bugreport.java.com/bugreport/"/>
    <property name="java.io.tmpdir" value="C:\Users\ali18\AppData\Local\Temp\"/>
    <property name="idea.version" value="2023.3.1"/>
    <property name="java.version" value="19.0.2"/>
    <property name="user.dir" value="D:\7\Test\CAs\CA3\code"/>
    <property name="os.arch" value="amd64"/>
    <property name="java.vm.specification.name" value="Java Virtual Machine Specification"/>
    <property name="sun.os.patch.level" value=""/>
    <property name="native.encoding" value="Cp1252"/>
    <property name="java.library.path" value="C:\Program Files\Java\jdk-19\bin;C:\Windows\Sun\Java\bin;C:\Windows\system32;C:\Windows;C:\Program Files\Common Files\Oracle\Java\javapath;C:\Program Files (x86)\Common Files\Oracle\Java\javapath;C:\apps\essentional\vm\bin\;C:\Windows\system32;C:\Windows;C:\Windows\System32\Wbem;C:\Windows\System32\WindowsPowerShell\v1.0\;C:\Windows\System32\OpenSSH\;C:\Program Files (x86)\NVIDIA Corporation\PhysX\Common;C:\Program Files\NVIDIA Corporation\NVIDIA NvDLISR;C:\Program Files\dotnet\;C:\Program Files\Microsoft SQL Server\130\Tools\Binn\;C:\Program Files\Microsoft SQL Server\Client SDK\ODBC\170\Tools\Binn\;C:\Program Files\Wolfram Research\WolframScript\;C:\Program Files\Git\cmd;C:\Go\bin;C:\Program Files\Docker\Docker\resources\bin;C:\Users\ali18\AppData\Local\Programs\Python\Python312\;C:\Users\ali18\AppData\Local\Programs\Python\Python312;C:\Users\ali18\AppData\Local\Programs\Python\Python312\Scripts\;C:\Program Files\MySQL\MySQL Shell 8.0\bin\;C:\Users\ali18\AppData\Local\Microsoft\WindowsApps;C:\Users\ali18\.dotnet\tools;C:\apps\lesson\PyCharm 2022.1.2\bin;;C:\apps\lesson\ModelSim\win64;C:\apps\lesson\ModelSim2\modelsim_ase\win32aloem;C:\apps\lesson\New folder (7)\CLion 2022.1.2\bin;C:\apps\lesson\MinGW\bin;;C:\Users\ali18\go\bin;C:\altera\13.0sp1\modelsim_ase\win32aloem;C:\Users\ali18\AppData\Local\Programs\Microsoft VS Code\bin;;C:\Program Files\JetBrains\IntelliJ IDEA Community Edition 2023.3.1\bin;;."/>
    <property name="java.vm.info" value="mixed mode, sharing"/>
    <property name="stderr.encoding" value="Cp1252"/>
    <property name="java.vendor" value="Oracle Corporation"/>
    <property name="java.vm.version" value="19.0.2+7-44"/>
    <property name="sun.io.unicode.encoding" value="UnicodeLittle"/>
    <property name="java.class.version" value="63.0"/>
  </properties>
  <testcase name="addOrderAndGetFraudulentQuantityHavingOrderHistoryAndAnotherOrderTest" classname="domain.EngineTest" time="0.05"/>
  <testcase name="getQuantityPatternByPriceHavingOrderHistoryAndRightPatternTest" classname="domain.EngineTest" time="0.002"/>
  <testcase name="getAverageOrderQuantityByCustomerHavingOrderHistoryAndNoCustomerIdTest" classname="domain.EngineTest" time="0.004"/>
  <testcase name="getCustomerFraudulentQuantityHavingLessThanPriceTest" classname="domain.EngineTest" time="0.002"/>
  <testcase name="getQuantityPatternByPriceHavingOrderHistoryAndNotRightPatternTest" classname="domain.EngineTest" time="0.001"/>
  <testcase name="getAverageOrderQuantityByCustomerHavingOrderHistoryAndCustomerIdTest" classname="domain.EngineTest" time="0.001"/>
  <testcase name="addOrderAndGetFraudulentQuantityHavingMoreThanAveragePriceTest" classname="domain.EngineTest" time="0.002"/>
  <testcase name="getAverageOrderQuantityByCustomerWithEmptyOrderHistoryTest" classname="domain.EngineTest" time="0.001"/>
  <testcase name="getCustomerFraudulentQuantityHavingMoreThanAveragePriceTest" classname="domain.EngineTest" time="0.0"/>
  <testcase name="getCustomerFraudulentQuantityHavingAveragePriceTest" classname="domain.EngineTest" time="0.001"/>
  <testcase name="addOrderAndGetFraudulentQuantityWithoutOrderHistoryTest" classname="domain.EngineTest" time="0.002"/>
  <testcase name="addOrderAndGetFraudulentQuantityHavingLessThanPriceTest" classname="domain.EngineTest" time="0.001"/>
  <testcase name="getQuantityPatternByPriceWithoutOrderHistoryTest" classname="domain.EngineTest" time="0.001"/>
  <testcase name="addOrderAndGetFraudulentQuantityHavingAveragePriceTest" classname="domain.EngineTest" time="0.001"/>
  <testcase name="addOrderAndGetFraudulentQuantityHavingOrderHistory" classname="domain.EngineTest" time="0.003"/>
</testsuite>